D:\WINDOWS\CV\CV03\CV03\DEBUG\CV03.EXE.EMBED.MANIFEST
D:\WINDOWS\CV\CV03\CV03\DEBUG\CV03.EXE.EMBED.MANIFEST.RES
D:\WINDOWS\CV\CV03\CV03\DEBUG\CV03.EXE.INTERMEDIATE.MANIFEST
D:\WINDOWS\CV\CV03\CV03\DEBUG\PEOPLEDETECT.OBJ
D:\WINDOWS\CV\CV03\CV03\DEBUG\VC100.PDB
D:\WINDOWS\CV\CV03\CV03\DEBUG\VIDEOPROC.OBJ
D:\WINDOWS\CV\CV03\DEBUG\CV03.EXE
D:\WINDOWS\CV\CV03\DEBUG\CV03.ILK
D:\WINDOWS\CV\CV03\DEBUG\CV03.PDB
D:\windows\github\CPP_STUDY\CPP\cv03\cv03\Debug\cl.command.1.tlog
D:\windows\github\CPP_STUDY\CPP\cv03\cv03\Debug\CL.read.1.tlog
D:\windows\github\CPP_STUDY\CPP\cv03\cv03\Debug\CL.write.1.tlog
D:\windows\github\CPP_STUDY\CPP\cv03\cv03\Debug\cv03.exe.embed.manifest
D:\windows\github\CPP_STUDY\CPP\cv03\cv03\Debug\cv03.exe.embed.manifest.res
D:\windows\github\CPP_STUDY\CPP\cv03\cv03\Debug\cv03.exe.intermediate.manifest
D:\windows\github\CPP_STUDY\CPP\cv03\cv03\Debug\cv03.vcxprojResolveAssemblyReference.cache
D:\windows\github\CPP_STUDY\CPP\cv03\cv03\Debug\cv03.write.1.tlog
D:\windows\github\CPP_STUDY\CPP\cv03\cv03\Debug\cv03_manifest.rc
D:\windows\github\CPP_STUDY\CPP\cv03\cv03\Debug\link.6976.read.1.tlog
D:\windows\github\CPP_STUDY\CPP\cv03\cv03\Debug\link.6976.write.1.tlog
D:\windows\github\CPP_STUDY\CPP\cv03\cv03\Debug\link.6976-cvtres.read.1.tlog
D:\windows\github\CPP_STUDY\CPP\cv03\cv03\Debug\link.6976-cvtres.write.1.tlog
D:\windows\github\CPP_STUDY\CPP\cv03\cv03\Debug\link.8404.read.1.tlog
D:\windows\github\CPP_STUDY\CPP\cv03\cv03\Debug\link.8404.write.1.tlog
D:\windows\github\CPP_STUDY\CPP\cv03\cv03\Debug\link.8404-cvtres.read.1.tlog
D:\windows\github\CPP_STUDY\CPP\cv03\cv03\Debug\link.8404-cvtres.write.1.tlog
D:\windows\github\CPP_STUDY\CPP\cv03\cv03\Debug\link.command.1.tlog
D:\windows\github\CPP_STUDY\CPP\cv03\cv03\Debug\link.read.1.tlog
D:\windows\github\CPP_STUDY\CPP\cv03\cv03\Debug\link.write.1.tlog
D:\windows\github\CPP_STUDY\CPP\cv03\cv03\Debug\link-cvtres.read.1.tlog
D:\windows\github\CPP_STUDY\CPP\cv03\cv03\Debug\link-cvtres.write.1.tlog
D:\windows\github\CPP_STUDY\CPP\cv03\cv03\Debug\mt.command.1.tlog
D:\windows\github\CPP_STUDY\CPP\cv03\cv03\Debug\mt.read.1.tlog
D:\windows\github\CPP_STUDY\CPP\cv03\cv03\Debug\mt.write.1.tlog
D:\windows\github\CPP_STUDY\CPP\cv03\cv03\Debug\peopledetect.obj
D:\windows\github\CPP_STUDY\CPP\cv03\cv03\Debug\rc.command.1.tlog
D:\windows\github\CPP_STUDY\CPP\cv03\cv03\Debug\rc.read.1.tlog
D:\windows\github\CPP_STUDY\CPP\cv03\cv03\Debug\rc.write.1.tlog
D:\windows\github\CPP_STUDY\CPP\cv03\cv03\Debug\vc100.idb
D:\windows\github\CPP_STUDY\CPP\cv03\cv03\Debug\vc100.pdb
D:\windows\github\CPP_STUDY\CPP\cv03\cv03\Debug\VideoProc.obj
D:\windows\github\CPP_STUDY\CPP\cv03\Debug\cv03.exe
D:\windows\github\CPP_STUDY\CPP\cv03\Debug\cv03.ilk
D:\windows\github\CPP_STUDY\CPP\cv03\Debug\cv03.pdb
