生成启动时间为 7/18/2018 4:22:03 PM。
     1>项目“D:\windows\github\CPP_STUDY\CPP\cv03\cv03\cv03.vcxproj”在节点 2 上(build 个目标)。
     1>InitializeBuildStatus:
         正在创建“Debug\cv03.unsuccessfulbuild”，因为已指定“AlwaysCreate”。
       ClCompile:
         C:\Program Files (x86)\Microsoft Visual Studio 10.0\VC\bin\CL.exe /c /ZI /nologo /W3 /WX- /Od /Oy- /D WIN32 /D _DEBUG /D _CONSOLE /D _UNICODE /D UNICODE /Gm /EHsc /RTC1 /MDd /GS /fp:precise /Zc:wchar_t /Zc:forScope /Fo"Debug\\" /Fd"Debug\vc100.pdb" /Gd /TP /analyze- /errorReport:prompt VideoProc.cpp
         VideoProc.cpp
     1>d:\mydata\opencv\opencv231\include\opencv2\flann\logger.h(66): warning C4996: 'fopen': This function or variable may be unsafe. Consider using fopen_s instead. To disable deprecation, use _CRT_SECURE_NO_WARNINGS. See online help for details.
                 c:\program files (x86)\microsoft visual studio 10.0\vc\include\stdio.h(234) : 参见“fopen”的声明
     1>d:\mydata\opencv\opencv231\include\opencv2\flann\flann.hpp(233): warning C4996: 'cv::flann::Index_<T>': 被声明为已否决
                 d:\mydata\opencv\opencv231\include\opencv2\flann\flann.hpp(278): 参见对正在编译的类 模板 实例化“cv::flann::Index_<T>”的引用
     1>d:\windows\github\cpp_study\cpp\cv03\cv03\detectionfunctions.h(25): warning C4227: 使用了记时错误: 忽略引用上的限定符
     1>d:\windows\github\cpp_study\cpp\cv03\cv03\detectionfunctions.h(64): warning C4227: 使用了记时错误: 忽略引用上的限定符
     1>d:\windows\github\cpp_study\cpp\cv03\cv03\videoproc.cpp(23): warning C4244: “参数”: 从“double”转换到“int”，可能丢失数据
       ManifestResourceCompile:
         所有输出均为最新。
       Link:
         C:\Program Files (x86)\Microsoft Visual Studio 10.0\VC\bin\link.exe /ERRORREPORT:PROMPT /OUT:"D:\windows\github\CPP_STUDY\CPP\cv03\Debug\cv03.exe" /INCREMENTAL /NOLOGO opencv_calib3d231d.lib opencv_contrib231d.lib opencv_core231d.lib opencv_features2d231d.lib opencv_flann231d.lib opencv_gpu231d.lib opencv_haartraining_engined.lib opencv_highgui231d.lib opencv_imgproc231d.lib opencv_legacy231d.lib opencv_ml231d.lib opencv_objdetect231d.lib opencv_ts231d.lib opencv_video231d.lib kernel32.lib user32.lib gdi32.lib winspool.lib comdlg32.lib advapi32.lib shell32.lib ole32.lib oleaut32.lib uuid.lib odbc32.lib odbccp32.lib /MANIFEST /ManifestFile:"Debug\cv03.exe.intermediate.manifest" /MANIFESTUAC:"level='asInvoker' uiAccess='false'" /DEBUG /PDB:"D:\windows\github\CPP_STUDY\CPP\cv03\Debug\cv03.pdb" /SUBSYSTEM:CONSOLE /TLBID:1 /DYNAMICBASE /NXCOMPAT /IMPLIB:"D:\windows\github\CPP_STUDY\CPP\cv03\Debug\cv03.lib" /MACHINE:X86 Debug\cv03.exe.embed.manifest.res
         Debug\peopledetect.obj
         Debug\VideoProc.obj
       Manifest:
         C:\Program Files (x86)\Microsoft SDKs\Windows\v7.0A\bin\mt.exe /nologo /verbose /out:"Debug\cv03.exe.embed.manifest" /manifest Debug\cv03.exe.intermediate.manifest
         所有输出均为最新。
       LinkEmbedManifest:
         所有输出均为最新。
         cv03.vcxproj -> D:\windows\github\CPP_STUDY\CPP\cv03\Debug\cv03.exe
       FinalizeBuildStatus:
         正在删除文件“Debug\cv03.unsuccessfulbuild”。
         正在对“Debug\cv03.lastbuildstate”执行 Touch 任务。
     1>已完成生成项目“D:\windows\github\CPP_STUDY\CPP\cv03\cv03\cv03.vcxproj”(build 个目标)的操作。

生成成功。

已用时间 00:00:01.56
